
01:49:39 [CIFW][ERROR] Error during Instantiating the TOSCA over VNF-LCM
2024-10-15T22:09:52.44 2024-10-15 21:58:18.660 INFO Starting PostInstantiation Phase Execution. 
2024-10-15T22:09:52.44 2024-10-15 21:58:26.397 INFO Using LCM script version [R29A01] 
2024-10-15T22:10:29.85 2024-10-15 21:58:26.402 INFO Connecting to host is not yet successful 
2024-10-15T22:10:29.85 2024-10-15 21:58:26.429 INFO LCM script timeout is 3600 seconds. 
2024-10-15T22:10:29.85 2024-10-15 21:59:03.589 INFO Connecting to host is not yet successful 
2024-10-15T22:11:07.30 2024-10-15 21:59:41.572 INFO Connecting to host is not yet successful 
2024-10-15T22:11:50.75 2024-10-15 22:00:23.593 INFO Connecting to host is not yet successful 
2024-10-15T22:12:33.17 2024-10-15 22:01:06.227 INFO Connecting to host is not yet successful 
2024-10-15T22:13:16.46 2024-10-15 22:01:48.623 INFO Connecting to host is not yet successful 
2024-10-15T22:13:54.60 2024-10-15 22:02:28.781 INFO Connecting to host is not yet successful 
2024-10-15T22:14:38.47 2024-10-15 22:03:14.868 INFO Connecting to host is not yet successful 
2024-10-15T22:15:27.08 2024-10-15 22:03:58.060 INFO Connecting to host is not yet successful 
2024-10-15T22:16:05.41 2024-10-15 22:04:38.237 INFO Connecting to host is not yet successful 
2024-10-15T22:16:48.64 2024-10-15 22:05:20.803 INFO Connecting to host is not yet successful 
2024-10-15T22:17:27.22 2024-10-15 22:06:00.041 INFO Connecting to host is not yet successful 
2024-10-15T22:18:12.93 2024-10-15 22:06:44.260 INFO Connecting to host is not yet successful 
2024-10-15T22:18:52.56 2024-10-15 22:07:24.208 INFO Connecting to host is not yet successful 
2024-10-15T22:19:26.79 2024-10-15 22:08:00.908 ERROR Post-Instantiation Phase Execution Failed. 
2024-10-15T22:19:38.34 2024-10-15 22:08:01.103 WARN Instance cancelled 
2024-10-15T22:19:38.34 2024-10-15 22:08:01.157 WARN Instance cancelled 
2024-10-15T22:19:38.34 2024-10-15 22:08:13.912 INFO Operation state changed to FAILED successfully 
2024-10-15T22:19:38.34 workflow-executor INFO Evaluating WF result for '701a4bc3-8b2f-11ef-98aa-fa163ecece0d' 
2024-10-15T22:19:38.35 workflow-executor ERROR Workflow FAILED! 
2024-10-15T22:19:38.70 MTAS instantiation failed{noformat}"
